<!DOCTYPE html>
<html>
<head>
    <title>Unittest Results</title>
    <meta charset="utf-8">
    <meta name="viewport" content="width=device-width, initial-scale=1.0">
    <link rel="stylesheet" href="https://maxcdn.bootstrapcdn.com/bootstrap/3.3.6/css/bootstrap.min.css" integrity="sha384-1q8mTJOASx8j1Au+a5WDVnPi2lkFfwwEAa8hDDdjZlpLegxhjVME1fgjWPGmkzs7" crossorigin="anonymous">
</head>
<body>
    <div class="container">
        <div class="row">
            <div class="col-xs-12">
                <h2 class="text-capitalize">Unittest Results</h2>
                <p class='attribute'><strong>Start Time: </strong>2025-03-05 08:23:31</p>
                <p class='attribute'><strong>Duration: </strong>20.07 s</p>
                <p class='attribute'><strong>Summary: </strong>Total: 2, Pass: 0, Error: 2</p>
            </div>
        </div>
        <div class="row">
            <div class="col-xs-12 col-sm-10 col-md-10">
                <table class='table table-hover table-responsive'>
                    <thead>
                        <tr>
                            <th>__main__.LoginTet</th>
                            <th>Status</th>
                            <th></th>
                        </tr>
                    </thead>
                    <tbody>
                        <tr class='warning'>
                            <td class="col-xs-10">test_login_not_valid</td>
                            <td class="col-xs-1">
                                <span class="label label-warning" style="display:block;width:40px;">Error</span>
                            </td>
                            <td class="col-xs-1">
                                <button class="btn btn-default btn-xs">View</button>
                            </td>
                        </tr>
                        <tr style="display:none;">
                            <td class="col-xs-9" colspan="3"><p style="color:maroon;">NoSuchElementException: Message: no such element: Unable to locate element: {"method":"xpath","selector":"//input[@name='username' and contains(@class, 'oxd-input')]"}
  (Session info: chrome=133.0.6943.98); For documentation on this error, please visit: https://www.selenium.dev/documentation/webdriver/troubleshooting/errors#no-such-element-exception
Stacktrace:
	GetHandleVerifier [0x00BB0B43+25139]
	(No symbol) [0x00B413F4]
	(No symbol) [0x00A204E3]
	(No symbol) [0x00A683D7]
	(No symbol) [0x00A6872B]
	(No symbol) [0x00AB1002]
	(No symbol) [0x00A8D014]
	(No symbol) [0x00AAE778]
	(No symbol) [0x00A8CDC6]
	(No symbol) [0x00A5BDE9]
	(No symbol) [0x00A5D124]
	GetHandleVerifier [0x00EB4373+3185251]
	GetHandleVerifier [0x00ED291A+3309578]
	GetHandleVerifier [0x00ECCF42+3286578]
	GetHandleVerifier [0x00C47AE0+643536]
	(No symbol) [0x00B4A20D]
	(No symbol) [0x00B470B8]
	(No symbol) [0x00B47257]
	(No symbol) [0x00B39E00]
	BaseThreadInitThunk [0x779E7BA9+25]
	RtlInitializeExceptionChain [0x77DDC28B+107]
	RtlClearBits [0x77DDC20F+191]
</p><p style="color:maroon;">Traceback (most recent call last):
  File "C:\Users\Amit\Downloads\login-test-automation-main\login-test-automation-main\Tests\login.py", line 28, in test_login_not_valid
    login.enter_username('Admin')
  File "C:\Users\Amit\Downloads\login-test-automation-main\login-test-automation-main\Pages\loginPage.py", line 16, in enter_username
    self.driver.find_element(By.XPATH, self.username_textbox_xpath).clear()
  File "C:\Users\Amit\Downloads\login-test-automation-main\login-test-automation-main\sele\lib\site-packages\selenium\webdriver\remote\webdriver.py", line 898, in find_element
    return self.execute(Command.FIND_ELEMENT, {"using": by, "value": value})["value"]
  File "C:\Users\Amit\Downloads\login-test-automation-main\login-test-automation-main\sele\lib\site-packages\selenium\webdriver\remote\webdriver.py", line 429, in execute
    self.error_handler.check_response(response)
  File "C:\Users\Amit\Downloads\login-test-automation-main\login-test-automation-main\sele\lib\site-packages\selenium\webdriver\remote\errorhandler.py", line 232, in check_response
    raise exception_class(message, screen, stacktrace)
selenium.common.exceptions.NoSuchElementException: Message: no such element: Unable to locate element: {"method":"xpath","selector":"//input[@name='username' and contains(@class, 'oxd-input')]"}
  (Session info: chrome=133.0.6943.98); For documentation on this error, please visit: https://www.selenium.dev/documentation/webdriver/troubleshooting/errors#no-such-element-exception
Stacktrace:
	GetHandleVerifier [0x00BB0B43+25139]
	(No symbol) [0x00B413F4]
	(No symbol) [0x00A204E3]
	(No symbol) [0x00A683D7]
	(No symbol) [0x00A6872B]
	(No symbol) [0x00AB1002]
	(No symbol) [0x00A8D014]
	(No symbol) [0x00AAE778]
	(No symbol) [0x00A8CDC6]
	(No symbol) [0x00A5BDE9]
	(No symbol) [0x00A5D124]
	GetHandleVerifier [0x00EB4373+3185251]
	GetHandleVerifier [0x00ED291A+3309578]
	GetHandleVerifier [0x00ECCF42+3286578]
	GetHandleVerifier [0x00C47AE0+643536]
	(No symbol) [0x00B4A20D]
	(No symbol) [0x00B470B8]
	(No symbol) [0x00B47257]
	(No symbol) [0x00B39E00]
	BaseThreadInitThunk [0x779E7BA9+25]
	RtlInitializeExceptionChain [0x77DDC28B+107]
	RtlClearBits [0x77DDC20F+191]

</p>
                            </td>
                        </tr>
                        <tr class='warning'>
                            <td class="col-xs-10">test_login_valid</td>
                            <td class="col-xs-1">
                                <span class="label label-warning" style="display:block;width:40px;">Error</span>
                            </td>
                            <td class="col-xs-1">
                                <button class="btn btn-default btn-xs">View</button>
                            </td>
                        </tr>
                        <tr style="display:none;">
                            <td class="col-xs-9" colspan="3"><p style="color:maroon;">NoSuchElementException: Message: no such element: Unable to locate element: {"method":"xpath","selector":"//input[@name='username' and contains(@class, 'oxd-input')]"}
  (Session info: chrome=133.0.6943.98); For documentation on this error, please visit: https://www.selenium.dev/documentation/webdriver/troubleshooting/errors#no-such-element-exception
Stacktrace:
	GetHandleVerifier [0x00BB0B43+25139]
	(No symbol) [0x00B413F4]
	(No symbol) [0x00A204E3]
	(No symbol) [0x00A683D7]
	(No symbol) [0x00A6872B]
	(No symbol) [0x00AB1002]
	(No symbol) [0x00A8D014]
	(No symbol) [0x00AAE778]
	(No symbol) [0x00A8CDC6]
	(No symbol) [0x00A5BDE9]
	(No symbol) [0x00A5D124]
	GetHandleVerifier [0x00EB4373+3185251]
	GetHandleVerifier [0x00ED291A+3309578]
	GetHandleVerifier [0x00ECCF42+3286578]
	GetHandleVerifier [0x00C47AE0+643536]
	(No symbol) [0x00B4A20D]
	(No symbol) [0x00B470B8]
	(No symbol) [0x00B47257]
	(No symbol) [0x00B39E00]
	BaseThreadInitThunk [0x779E7BA9+25]
	RtlInitializeExceptionChain [0x77DDC28B+107]
	RtlClearBits [0x77DDC20F+191]
</p><p style="color:maroon;">Traceback (most recent call last):
  File "C:\Users\Amit\Downloads\login-test-automation-main\login-test-automation-main\Tests\login.py", line 38, in test_login_valid
    login.enter_username('Admin')
  File "C:\Users\Amit\Downloads\login-test-automation-main\login-test-automation-main\Pages\loginPage.py", line 16, in enter_username
    self.driver.find_element(By.XPATH, self.username_textbox_xpath).clear()
  File "C:\Users\Amit\Downloads\login-test-automation-main\login-test-automation-main\sele\lib\site-packages\selenium\webdriver\remote\webdriver.py", line 898, in find_element
    return self.execute(Command.FIND_ELEMENT, {"using": by, "value": value})["value"]
  File "C:\Users\Amit\Downloads\login-test-automation-main\login-test-automation-main\sele\lib\site-packages\selenium\webdriver\remote\webdriver.py", line 429, in execute
    self.error_handler.check_response(response)
  File "C:\Users\Amit\Downloads\login-test-automation-main\login-test-automation-main\sele\lib\site-packages\selenium\webdriver\remote\errorhandler.py", line 232, in check_response
    raise exception_class(message, screen, stacktrace)
selenium.common.exceptions.NoSuchElementException: Message: no such element: Unable to locate element: {"method":"xpath","selector":"//input[@name='username' and contains(@class, 'oxd-input')]"}
  (Session info: chrome=133.0.6943.98); For documentation on this error, please visit: https://www.selenium.dev/documentation/webdriver/troubleshooting/errors#no-such-element-exception
Stacktrace:
	GetHandleVerifier [0x00BB0B43+25139]
	(No symbol) [0x00B413F4]
	(No symbol) [0x00A204E3]
	(No symbol) [0x00A683D7]
	(No symbol) [0x00A6872B]
	(No symbol) [0x00AB1002]
	(No symbol) [0x00A8D014]
	(No symbol) [0x00AAE778]
	(No symbol) [0x00A8CDC6]
	(No symbol) [0x00A5BDE9]
	(No symbol) [0x00A5D124]
	GetHandleVerifier [0x00EB4373+3185251]
	GetHandleVerifier [0x00ED291A+3309578]
	GetHandleVerifier [0x00ECCF42+3286578]
	GetHandleVerifier [0x00C47AE0+643536]
	(No symbol) [0x00B4A20D]
	(No symbol) [0x00B470B8]
	(No symbol) [0x00B47257]
	(No symbol) [0x00B39E00]
	BaseThreadInitThunk [0x779E7BA9+25]
	RtlInitializeExceptionChain [0x77DDC28B+107]
	RtlClearBits [0x77DDC20F+191]

</p>
                            </td>
                        </tr>
                        <tr>
                            <td colspan="3">
                                Total: 2, Pass: 0, Error: 2 -- Duration: 20.07 s
                            </td>
                        </tr>
                    </tbody>
                </table>
            </div>
        </div>
    </div>
    <script src="https://ajax.googleapis.com/ajax/libs/jquery/2.2.4/jquery.min.js"></script>
    <script type="text/javascript">
        $(document).ready(function(){
            $('td').on('click', '.btn', function(e){
                e.preventDefault();
                e.stopImmediatePropagation();
                var $this = $(this);
                var $nextRow = $this.closest('tr').next('tr');
                $nextRow.slideToggle("fast");
                $this.text(function(i, text){
                    if (text === 'View') {
                        return 'Hide';
                    } else {
                        return 'View';
                    };
                });
            });
        });
    </script>
</body>
</html